{"/home/nicolas_glassey/Desktop/Artisan-it/ics-converter/src/domain/icsParser.ts": {"path":"/home/nicolas_glassey/Desktop/Artisan-it/ics-converter/src/domain/icsParser.ts","statementMap":{"0":{"start":{"line":6,"column":0},"end":{"line":6,"column":16}},"1":{"start":{"line":1,"column":0},"end":{"line":1,"column":9}},"2":{"start":{"line":4,"column":9},"end":{"line":1,"column":35}},"3":{"start":{"line":2,"column":0},"end":{"line":2,"column":54}},"4":{"start":{"line":7,"column":18},"end":{"line":10,"column":49}},"5":{"start":{"line":9,"column":18},"end":{"line":9,"column":26}},"6":{"start":{"line":10,"column":21},"end":{"line":10,"column":48}},"7":{"start":{"line":12,"column":31},"end":{"line":12,"column":33}},"8":{"start":{"line":16,"column":8},"end":{"line":16,"column":10}},"9":{"start":{"line":18,"column":4},"end":{"line":93,"column":7}},"10":{"start":{"line":19,"column":27},"end":{"line":19,"column":44}},"11":{"start":{"line":20,"column":8},"end":{"line":20,"column":38}},"12":{"start":{"line":20,"column":31},"end":{"line":20,"column":38}},"13":{"start":{"line":22,"column":24},"end":{"line":22,"column":49}},"14":{"start":{"line":23,"column":22},"end":{"line":23,"column":48}},"15":{"start":{"line":25,"column":33},"end":{"line":25,"column":51}},"16":{"start":{"line":26,"column":49},"end":{"line":26,"column":51}},"17":{"start":{"line":27,"column":8},"end":{"line":30,"column":11}},"18":{"start":{"line":28,"column":27},"end":{"line":28,"column":39}},"19":{"start":{"line":29,"column":12},"end":{"line":29,"column":40}},"20":{"start":{"line":29,"column":24},"end":{"line":29,"column":40}},"21":{"start":{"line":32,"column":8},"end":{"line":73,"column":9}},"22":{"start":{"line":34,"column":16},"end":{"line":34,"column":36}},"23":{"start":{"line":35,"column":16},"end":{"line":35,"column":22}},"24":{"start":{"line":37,"column":16},"end":{"line":37,"column":52}},"25":{"start":{"line":38,"column":16},"end":{"line":38,"column":22}},"26":{"start":{"line":40,"column":16},"end":{"line":43,"column":18}},"27":{"start":{"line":44,"column":16},"end":{"line":44,"column":22}},"28":{"start":{"line":46,"column":16},"end":{"line":49,"column":18}},"29":{"start":{"line":50,"column":16},"end":{"line":50,"column":22}},"30":{"start":{"line":52,"column":16},"end":{"line":52,"column":40}},"31":{"start":{"line":53,"column":16},"end":{"line":53,"column":22}},"32":{"start":{"line":55,"column":16},"end":{"line":55,"column":44}},"33":{"start":{"line":56,"column":16},"end":{"line":56,"column":22}},"34":{"start":{"line":58,"column":16},"end":{"line":58,"column":54}},"35":{"start":{"line":59,"column":16},"end":{"line":59,"column":22}},"36":{"start":{"line":61,"column":16},"end":{"line":61,"column":65}},"37":{"start":{"line":62,"column":16},"end":{"line":62,"column":22}},"38":{"start":{"line":64,"column":16},"end":{"line":66,"column":18}},"39":{"start":{"line":67,"column":16},"end":{"line":67,"column":22}},"40":{"start":{"line":69,"column":16},"end":{"line":69,"column":41}},"41":{"start":{"line":70,"column":16},"end":{"line":70,"column":22}},"42":{"start":{"line":72,"column":16},"end":{"line":72,"column":22}},"43":{"start":{"line":76,"column":8},"end":{"line":92,"column":9}},"44":{"start":{"line":77,"column":12},"end":{"line":90,"column":13}},"45":{"start":{"line":78,"column":16},"end":{"line":89,"column":19}},"46":{"start":{"line":91,"column":12},"end":{"line":91,"column":25}},"47":{"start":{"line":95,"column":4},"end":{"line":95,"column":18}}},"fnMap":{"0":{"name":"(anonymous_0)","decl":{"start":{"line":4,"column":9},"end":{"line":4,"column":17}},"loc":{"start":{"line":4,"column":9},"end":{"line":1,"column":35}}},"1":{"name":"parseIcs","decl":{"start":{"line":6,"column":16},"end":{"line":6,"column":24}},"loc":{"start":{"line":6,"column":42},"end":{"line":96,"column":1}}},"2":{"name":"(anonymous_2)","decl":{"start":{"line":9,"column":13},"end":{"line":9,"column":14}},"loc":{"start":{"line":9,"column":18},"end":{"line":9,"column":26}}},"3":{"name":"(anonymous_3)","decl":{"start":{"line":10,"column":16},"end":{"line":10,"column":17}},"loc":{"start":{"line":10,"column":21},"end":{"line":10,"column":48}}},"4":{"name":"(anonymous_4)","decl":{"start":{"line":18,"column":18},"end":{"line":18,"column":22}},"loc":{"start":{"line":18,"column":25},"end":{"line":93,"column":5}}},"5":{"name":"(anonymous_5)","decl":{"start":{"line":27,"column":23},"end":{"line":27,"column":24}},"loc":{"start":{"line":27,"column":27},"end":{"line":30,"column":9}}}},"branchMap":{"0":{"loc":{"start":{"line":10,"column":21},"end":{"line":10,"column":48}},"type":"binary-expr","locations":[{"start":{"line":10,"column":21},"end":{"line":10,"column":22}},{"start":{"line":10,"column":26},"end":{"line":10,"column":48}}]},"1":{"loc":{"start":{"line":20,"column":8},"end":{"line":20,"column":38}},"type":"if","locations":[{"start":{"line":20,"column":8},"end":{"line":20,"column":38}}]},"2":{"loc":{"start":{"line":29,"column":12},"end":{"line":29,"column":40}},"type":"if","locations":[{"start":{"line":29,"column":12},"end":{"line":29,"column":40}}]},"3":{"loc":{"start":{"line":29,"column":16},"end":{"line":29,"column":22}},"type":"binary-expr","locations":[{"start":{"line":29,"column":16},"end":{"line":29,"column":17}},{"start":{"line":29,"column":21},"end":{"line":29,"column":22}}]},"4":{"loc":{"start":{"line":32,"column":8},"end":{"line":73,"column":9}},"type":"switch","locations":[{"start":{"line":33,"column":12},"end":{"line":35,"column":22}},{"start":{"line":36,"column":12},"end":{"line":38,"column":22}},{"start":{"line":39,"column":12},"end":{"line":44,"column":22}},{"start":{"line":45,"column":12},"end":{"line":50,"column":22}},{"start":{"line":51,"column":12},"end":{"line":53,"column":22}},{"start":{"line":54,"column":12},"end":{"line":56,"column":22}},{"start":{"line":57,"column":12},"end":{"line":59,"column":22}},{"start":{"line":60,"column":12},"end":{"line":62,"column":22}},{"start":{"line":63,"column":12},"end":{"line":67,"column":22}},{"start":{"line":68,"column":12},"end":{"line":70,"column":22}},{"start":{"line":71,"column":12},"end":{"line":72,"column":22}}]},"5":{"loc":{"start":{"line":42,"column":30},"end":{"line":42,"column":51}},"type":"binary-expr","locations":[{"start":{"line":42,"column":30},"end":{"line":42,"column":43}},{"start":{"line":42,"column":47},"end":{"line":42,"column":51}}]},"6":{"loc":{"start":{"line":48,"column":30},"end":{"line":48,"column":51}},"type":"binary-expr","locations":[{"start":{"line":48,"column":30},"end":{"line":48,"column":43}},{"start":{"line":48,"column":47},"end":{"line":48,"column":51}}]},"7":{"loc":{"start":{"line":64,"column":37},"end":{"line":64,"column":60}},"type":"binary-expr","locations":[{"start":{"line":64,"column":37},"end":{"line":64,"column":54}},{"start":{"line":64,"column":58},"end":{"line":64,"column":60}}]},"8":{"loc":{"start":{"line":76,"column":8},"end":{"line":92,"column":9}},"type":"if","locations":[{"start":{"line":76,"column":8},"end":{"line":92,"column":9}}]},"9":{"loc":{"start":{"line":77,"column":12},"end":{"line":90,"column":13}},"type":"if","locations":[{"start":{"line":77,"column":12},"end":{"line":90,"column":13}}]},"10":{"loc":{"start":{"line":85,"column":32},"end":{"line":85,"column":56}},"type":"binary-expr","locations":[{"start":{"line":85,"column":32},"end":{"line":85,"column":50}},{"start":{"line":85,"column":54},"end":{"line":85,"column":56}}]},"11":{"loc":{"start":{"line":87,"column":31},"end":{"line":87,"column":54}},"type":"binary-expr","locations":[{"start":{"line":87,"column":31},"end":{"line":87,"column":48}},{"start":{"line":87,"column":52},"end":{"line":87,"column":54}}]}},"s":{"0":1,"1":1,"2":1,"3":1,"4":2,"5":132,"6":132,"7":2,"8":2,"9":2,"10":121,"11":121,"12":0,"13":121,"14":121,"15":121,"16":121,"17":121,"18":22,"19":22,"20":22,"21":121,"22":11,"23":11,"24":11,"25":11,"26":11,"27":11,"28":11,"29":11,"30":11,"31":11,"32":11,"33":11,"34":11,"35":11,"36":11,"37":11,"38":11,"39":11,"40":11,"41":11,"42":11,"43":121,"44":11,"45":11,"46":11,"47":2},"f":{"0":0,"1":2,"2":132,"3":132,"4":121,"5":22},"b":{"0":[132,132],"1":[0],"2":[22],"3":[22,22],"4":[11,11,11,11,11,11,11,11,11,11,11],"5":[11,0],"6":[11,0],"7":[11,11],"8":[11],"9":[11],"10":[11,0],"11":[11,0]}}
,"/home/nicolas_glassey/Desktop/Artisan-it/ics-converter/src/domain/types.ts": {"path":"/home/nicolas_glassey/Desktop/Artisan-it/ics-converter/src/domain/types.ts","statementMap":{"0":{"start":{"line":3,"column":0},"end":{"line":3,"column":13}},"1":{"start":{"line":8,"column":0},"end":{"line":8,"column":13}},"2":{"start":{"line":13,"column":0},"end":{"line":13,"column":13}},"3":{"start":{"line":26,"column":0},"end":{"line":26,"column":13}}},"fnMap":{},"branchMap":{},"s":{"0":1,"1":1,"2":1,"3":1},"f":{},"b":{}}
,"/home/nicolas_glassey/Desktop/Artisan-it/ics-converter/src/share/utils/dateUtils.ts": {"path":"/home/nicolas_glassey/Desktop/Artisan-it/ics-converter/src/share/utils/dateUtils.ts","statementMap":{"0":{"start":{"line":6,"column":0},"end":{"line":6,"column":16}},"1":{"start":{"line":8,"column":18},"end":{"line":8,"column":43}},"2":{"start":{"line":10,"column":15},"end":{"line":10,"column":16}},"3":{"start":{"line":10,"column":26},"end":{"line":10,"column":27}},"4":{"start":{"line":10,"column":35},"end":{"line":10,"column":36}},"5":{"start":{"line":10,"column":46},"end":{"line":10,"column":47}},"6":{"start":{"line":10,"column":59},"end":{"line":10,"column":60}},"7":{"start":{"line":10,"column":72},"end":{"line":10,"column":73}},"8":{"start":{"line":12,"column":4},"end":{"line":30,"column":5}},"9":{"start":{"line":14,"column":8},"end":{"line":14,"column":47}},"10":{"start":{"line":15,"column":8},"end":{"line":15,"column":48}},"11":{"start":{"line":16,"column":8},"end":{"line":16,"column":46}},"12":{"start":{"line":17,"column":8},"end":{"line":17,"column":49}},"13":{"start":{"line":18,"column":8},"end":{"line":18,"column":52}},"14":{"start":{"line":19,"column":8},"end":{"line":19,"column":52}},"15":{"start":{"line":20,"column":11},"end":{"line":30,"column":5}},"16":{"start":{"line":22,"column":8},"end":{"line":22,"column":47}},"17":{"start":{"line":23,"column":8},"end":{"line":23,"column":48}},"18":{"start":{"line":24,"column":8},"end":{"line":24,"column":46}},"19":{"start":{"line":27,"column":18},"end":{"line":27,"column":33}},"20":{"start":{"line":28,"column":8},"end":{"line":28,"column":85}},"21":{"start":{"line":28,"column":32},"end":{"line":28,"column":85}},"22":{"start":{"line":29,"column":8},"end":{"line":29,"column":258}},"23":{"start":{"line":32,"column":16},"end":{"line":32,"column":60}},"24":{"start":{"line":32,"column":31},"end":{"line":32,"column":60}},"25":{"start":{"line":33,"column":4},"end":{"line":33,"column":93}}},"fnMap":{"0":{"name":"formatDate","decl":{"start":{"line":6,"column":16},"end":{"line":6,"column":26}},"loc":{"start":{"line":6,"column":42},"end":{"line":34,"column":1}}},"1":{"name":"(anonymous_1)","decl":{"start":{"line":32,"column":16},"end":{"line":32,"column":17}},"loc":{"start":{"line":32,"column":31},"end":{"line":32,"column":60}}}},"branchMap":{"0":{"loc":{"start":{"line":12,"column":4},"end":{"line":30,"column":5}},"type":"if","locations":[{"start":{"line":12,"column":4},"end":{"line":30,"column":5}},{"start":{"line":20,"column":11},"end":{"line":30,"column":5}}]},"1":{"loc":{"start":{"line":20,"column":11},"end":{"line":30,"column":5}},"type":"if","locations":[{"start":{"line":20,"column":11},"end":{"line":30,"column":5}},{"start":{"line":25,"column":11},"end":{"line":30,"column":5}}]},"2":{"loc":{"start":{"line":28,"column":8},"end":{"line":28,"column":85}},"type":"if","locations":[{"start":{"line":28,"column":8},"end":{"line":28,"column":85}}]}},"s":{"0":1,"1":33,"2":33,"3":33,"4":33,"5":33,"6":33,"7":33,"8":33,"9":33,"10":33,"11":33,"12":33,"13":33,"14":33,"15":0,"16":0,"17":0,"18":0,"19":0,"20":0,"21":0,"22":0,"23":33,"24":165,"25":33},"f":{"0":33,"1":165},"b":{"0":[33,0],"1":[0,0],"2":[0]}}
}
