TN:
SF:src/domain/icsParser.ts
FN:4,(anonymous_0)
FN:6,parseIcs
FN:9,(anonymous_2)
FN:10,(anonymous_3)
FN:18,(anonymous_4)
FN:27,(anonymous_5)
FNF:6
FNH:5
FNDA:0,(anonymous_0)
FNDA:2,parseIcs
FNDA:132,(anonymous_2)
FNDA:132,(anonymous_3)
FNDA:121,(anonymous_4)
FNDA:22,(anonymous_5)
DA:1,1
DA:2,1
DA:4,1
DA:6,1
DA:7,2
DA:9,132
DA:10,132
DA:12,2
DA:16,2
DA:18,2
DA:19,121
DA:20,121
DA:22,121
DA:23,121
DA:25,121
DA:26,121
DA:27,121
DA:28,22
DA:29,22
DA:32,121
DA:34,11
DA:35,11
DA:37,11
DA:38,11
DA:40,11
DA:44,11
DA:46,11
DA:50,11
DA:52,11
DA:53,11
DA:55,11
DA:56,11
DA:58,11
DA:59,11
DA:61,11
DA:62,11
DA:64,11
DA:67,11
DA:69,11
DA:70,11
DA:72,11
DA:76,121
DA:77,11
DA:78,11
DA:91,11
DA:95,2
LF:46
LH:46
BRDA:10,0,0,132
BRDA:10,0,1,132
BRDA:20,1,0,0
BRDA:29,2,0,22
BRDA:29,3,0,22
BRDA:29,3,1,22
BRDA:32,4,0,11
BRDA:32,4,1,11
BRDA:32,4,2,11
BRDA:32,4,3,11
BRDA:32,4,4,11
BRDA:32,4,5,11
BRDA:32,4,6,11
BRDA:32,4,7,11
BRDA:32,4,8,11
BRDA:32,4,9,11
BRDA:32,4,10,11
BRDA:42,5,0,11
BRDA:42,5,1,0
BRDA:48,6,0,11
BRDA:48,6,1,0
BRDA:64,7,0,11
BRDA:64,7,1,11
BRDA:76,8,0,11
BRDA:77,9,0,11
BRDA:85,10,0,11
BRDA:85,10,1,0
BRDA:87,11,0,11
BRDA:87,11,1,0
BRF:29
BRH:24
end_of_record
TN:
SF:src/domain/types.ts
FNF:0
FNH:0
DA:3,1
DA:8,1
DA:13,1
DA:26,1
LF:4
LH:4
BRF:0
BRH:0
end_of_record
TN:
SF:src/share/utils/dateUtils.ts
FN:6,formatDate
FN:32,(anonymous_1)
FNF:2
FNH:2
FNDA:33,formatDate
FNDA:165,(anonymous_1)
DA:6,1
DA:8,33
DA:10,33
DA:12,33
DA:14,33
DA:15,33
DA:16,33
DA:17,33
DA:18,33
DA:19,33
DA:20,0
DA:22,0
DA:23,0
DA:24,0
DA:27,0
DA:28,0
DA:29,0
DA:32,165
DA:33,33
LF:19
LH:12
BRDA:12,0,0,33
BRDA:12,0,1,0
BRDA:20,1,0,0
BRDA:20,1,1,0
BRDA:28,2,0,0
BRF:5
BRH:1
end_of_record
