<?xml version="1.0" encoding="UTF-8"?>
<coverage generated="1774475387072" clover="3.2.0">
  <project timestamp="1774475387072" name="All files">
    <metrics statements="68" coveredstatements="60" conditionals="39" coveredconditionals="25" methods="6" coveredmethods="6" elements="113" coveredelements="91" complexity="0" loc="68" ncloc="68" packages="2" files="2" classes="2"/>
    <package name="domain">
      <metrics statements="49" coveredstatements="48" conditionals="34" coveredconditionals="24" methods="4" coveredmethods="4"/>
      <file name="icsParser.ts" path="/home/nicolas_glassey/Desktop/Artisan-it/ics-converter/src/domain/icsParser.ts">
        <metrics statements="49" coveredstatements="48" conditionals="34" coveredconditionals="24" methods="4" coveredmethods="4"/>
        <line num="3" count="1" type="stmt"/>
        <line num="23" count="1" type="stmt"/>
        <line num="24" count="2" type="stmt"/>
        <line num="25" count="2" type="stmt"/>
        <line num="28" count="2" type="stmt"/>
        <line num="30" count="132" type="stmt"/>
        <line num="31" count="132" type="stmt"/>
        <line num="33" count="2" type="stmt"/>
        <line num="34" count="132" type="cond" truecount="1" falsecount="0"/>
        <line num="35" count="11" type="stmt"/>
        <line num="36" count="11" type="stmt"/>
        <line num="39" count="121" type="cond" truecount="1" falsecount="0"/>
        <line num="40" count="11" type="cond" truecount="1" falsecount="0"/>
        <line num="42" count="11" type="stmt"/>
        <line num="56" count="11" type="stmt"/>
        <line num="57" count="11" type="stmt"/>
        <line num="60" count="110" type="cond" truecount="0" falsecount="1"/>
        <line num="63" count="110" type="stmt"/>
        <line num="64" count="110" type="stmt"/>
        <line num="65" count="110" type="stmt"/>
        <line num="67" count="110" type="stmt"/>
        <line num="68" count="110" type="stmt"/>
        <line num="69" count="22" type="stmt"/>
        <line num="70" count="22" type="cond" truecount="3" falsecount="0"/>
        <line num="73" count="110" type="cond" truecount="10" falsecount="1"/>
        <line num="75" count="11" type="stmt"/>
        <line num="76" count="11" type="stmt"/>
        <line num="78" count="11" type="stmt"/>
        <line num="79" count="11" type="stmt"/>
        <line num="81" count="11" type="stmt"/>
        <line num="82" count="11" type="stmt"/>
        <line num="84" count="11" type="stmt"/>
        <line num="85" count="11" type="stmt"/>
        <line num="87" count="11" type="stmt"/>
        <line num="88" count="11" type="stmt"/>
        <line num="90" count="11" type="stmt"/>
        <line num="91" count="11" type="stmt"/>
        <line num="93" count="11" type="cond" truecount="1" falsecount="1"/>
        <line num="94" count="11" type="stmt"/>
        <line num="95" count="11" type="stmt"/>
        <line num="97" count="11" type="stmt"/>
        <line num="98" count="11" type="stmt"/>
        <line num="100" count="11" type="cond" truecount="1" falsecount="1"/>
        <line num="101" count="11" type="stmt"/>
        <line num="102" count="11" type="stmt"/>
        <line num="104" count="11" type="stmt"/>
        <line num="105" count="11" type="stmt"/>
        <line num="107" count="0" type="stmt"/>
        <line num="111" count="2" type="stmt"/>
      </file>
    </package>
    <package name="share.utils">
      <metrics statements="19" coveredstatements="12" conditionals="5" coveredconditionals="1" methods="2" coveredmethods="2"/>
      <file name="dateUtils.ts" path="/home/nicolas_glassey/Desktop/Artisan-it/ics-converter/src/share/utils/dateUtils.ts">
        <metrics statements="19" coveredstatements="12" conditionals="5" coveredconditionals="1" methods="2" coveredmethods="2"/>
        <line num="6" count="1" type="stmt"/>
        <line num="8" count="33" type="stmt"/>
        <line num="10" count="33" type="stmt"/>
        <line num="12" count="33" type="cond" truecount="1" falsecount="1"/>
        <line num="14" count="33" type="stmt"/>
        <line num="15" count="33" type="stmt"/>
        <line num="16" count="33" type="stmt"/>
        <line num="17" count="33" type="stmt"/>
        <line num="18" count="33" type="stmt"/>
        <line num="19" count="33" type="stmt"/>
        <line num="20" count="0" type="cond" truecount="0" falsecount="2"/>
        <line num="22" count="0" type="stmt"/>
        <line num="23" count="0" type="stmt"/>
        <line num="24" count="0" type="stmt"/>
        <line num="27" count="0" type="stmt"/>
        <line num="28" count="0" type="cond" truecount="0" falsecount="1"/>
        <line num="29" count="0" type="stmt"/>
        <line num="32" count="165" type="stmt"/>
        <line num="33" count="33" type="stmt"/>
      </file>
    </package>
  </project>
</coverage>
