{"/home/nicolas_glassey/Desktop/Artisan-it/ics-converter/src/domain/icsParser.ts": {"path":"/home/nicolas_glassey/Desktop/Artisan-it/ics-converter/src/domain/icsParser.ts","statementMap":{"0":{"start":{"line":23,"column":0},"end":{"line":23,"column":16}},"1":{"start":{"line":3,"column":0},"end":{"line":3,"column":54}},"2":{"start":{"line":24,"column":31},"end":{"line":24,"column":33}},"3":{"start":{"line":25,"column":66},"end":{"line":25,"column":70}},"4":{"start":{"line":28,"column":18},"end":{"line":31,"column":23}},"5":{"start":{"line":30,"column":18},"end":{"line":30,"column":26}},"6":{"start":{"line":31,"column":21},"end":{"line":31,"column":22}},"7":{"start":{"line":33,"column":4},"end":{"line":109,"column":5}},"8":{"start":{"line":34,"column":8},"end":{"line":37,"column":9}},"9":{"start":{"line":35,"column":12},"end":{"line":35,"column":56}},"10":{"start":{"line":36,"column":12},"end":{"line":36,"column":21}},"11":{"start":{"line":39,"column":8},"end":{"line":58,"column":9}},"12":{"start":{"line":40,"column":12},"end":{"line":55,"column":13}},"13":{"start":{"line":42,"column":16},"end":{"line":54,"column":19}},"14":{"start":{"line":56,"column":12},"end":{"line":56,"column":27}},"15":{"start":{"line":57,"column":12},"end":{"line":57,"column":21}},"16":{"start":{"line":60,"column":8},"end":{"line":60,"column":31}},"17":{"start":{"line":60,"column":22},"end":{"line":60,"column":31}},"18":{"start":{"line":63,"column":35},"end":{"line":63,"column":50}},"19":{"start":{"line":64,"column":22},"end":{"line":64,"column":36}},"20":{"start":{"line":65,"column":33},"end":{"line":65,"column":51}},"21":{"start":{"line":67,"column":49},"end":{"line":67,"column":51}},"22":{"start":{"line":68,"column":8},"end":{"line":71,"column":11}},"23":{"start":{"line":69,"column":27},"end":{"line":69,"column":39}},"24":{"start":{"line":70,"column":12},"end":{"line":70,"column":40}},"25":{"start":{"line":70,"column":24},"end":{"line":70,"column":40}},"26":{"start":{"line":73,"column":8},"end":{"line":108,"column":9}},"27":{"start":{"line":75,"column":16},"end":{"line":75,"column":36}},"28":{"start":{"line":76,"column":16},"end":{"line":76,"column":22}},"29":{"start":{"line":78,"column":16},"end":{"line":78,"column":52}},"30":{"start":{"line":79,"column":16},"end":{"line":79,"column":22}},"31":{"start":{"line":81,"column":16},"end":{"line":81,"column":87}},"32":{"start":{"line":82,"column":16},"end":{"line":82,"column":22}},"33":{"start":{"line":84,"column":16},"end":{"line":84,"column":85}},"34":{"start":{"line":85,"column":16},"end":{"line":85,"column":22}},"35":{"start":{"line":87,"column":16},"end":{"line":87,"column":40}},"36":{"start":{"line":88,"column":16},"end":{"line":88,"column":22}},"37":{"start":{"line":90,"column":16},"end":{"line":90,"column":44}},"38":{"start":{"line":91,"column":16},"end":{"line":91,"column":22}},"39":{"start":{"line":93,"column":16},"end":{"line":93,"column":62}},"40":{"start":{"line":94,"column":16},"end":{"line":94,"column":61}},"41":{"start":{"line":95,"column":16},"end":{"line":95,"column":22}},"42":{"start":{"line":97,"column":16},"end":{"line":97,"column":65}},"43":{"start":{"line":98,"column":16},"end":{"line":98,"column":22}},"44":{"start":{"line":100,"column":16},"end":{"line":100,"column":60}},"45":{"start":{"line":101,"column":16},"end":{"line":101,"column":69}},"46":{"start":{"line":102,"column":16},"end":{"line":102,"column":22}},"47":{"start":{"line":104,"column":16},"end":{"line":104,"column":41}},"48":{"start":{"line":105,"column":16},"end":{"line":105,"column":22}},"49":{"start":{"line":107,"column":16},"end":{"line":107,"column":51}},"50":{"start":{"line":111,"column":4},"end":{"line":111,"column":18}}},"fnMap":{"0":{"name":"parseIcs","decl":{"start":{"line":23,"column":16},"end":{"line":23,"column":24}},"loc":{"start":{"line":23,"column":42},"end":{"line":112,"column":1}}},"1":{"name":"(anonymous_1)","decl":{"start":{"line":30,"column":13},"end":{"line":30,"column":14}},"loc":{"start":{"line":30,"column":18},"end":{"line":30,"column":26}}},"2":{"name":"(anonymous_2)","decl":{"start":{"line":31,"column":16},"end":{"line":31,"column":17}},"loc":{"start":{"line":31,"column":21},"end":{"line":31,"column":22}}},"3":{"name":"(anonymous_3)","decl":{"start":{"line":68,"column":23},"end":{"line":68,"column":24}},"loc":{"start":{"line":68,"column":27},"end":{"line":71,"column":9}}}},"branchMap":{"0":{"loc":{"start":{"line":34,"column":8},"end":{"line":37,"column":9}},"type":"if","locations":[{"start":{"line":34,"column":8},"end":{"line":37,"column":9}}]},"1":{"loc":{"start":{"line":39,"column":8},"end":{"line":58,"column":9}},"type":"if","locations":[{"start":{"line":39,"column":8},"end":{"line":58,"column":9}}]},"2":{"loc":{"start":{"line":40,"column":12},"end":{"line":55,"column":13}},"type":"if","locations":[{"start":{"line":40,"column":12},"end":{"line":55,"column":13}}]},"3":{"loc":{"start":{"line":43,"column":25},"end":{"line":43,"column":42}},"type":"binary-expr","locations":[{"start":{"line":43,"column":25},"end":{"line":43,"column":36}},{"start":{"line":43,"column":40},"end":{"line":43,"column":42}}]},"4":{"loc":{"start":{"line":44,"column":29},"end":{"line":44,"column":50}},"type":"binary-expr","locations":[{"start":{"line":44,"column":29},"end":{"line":44,"column":44}},{"start":{"line":44,"column":48},"end":{"line":44,"column":50}}]},"5":{"loc":{"start":{"line":45,"column":27},"end":{"line":45,"column":48}},"type":"binary-expr","locations":[{"start":{"line":45,"column":27},"end":{"line":45,"column":40}},{"start":{"line":45,"column":44},"end":{"line":45,"column":48}}]},"6":{"loc":{"start":{"line":46,"column":25},"end":{"line":46,"column":44}},"type":"binary-expr","locations":[{"start":{"line":46,"column":25},"end":{"line":46,"column":36}},{"start":{"line":46,"column":40},"end":{"line":46,"column":44}}]},"7":{"loc":{"start":{"line":49,"column":32},"end":{"line":49,"column":56}},"type":"binary-expr","locations":[{"start":{"line":49,"column":32},"end":{"line":49,"column":50}},{"start":{"line":49,"column":54},"end":{"line":49,"column":56}}]},"8":{"loc":{"start":{"line":51,"column":31},"end":{"line":51,"column":54}},"type":"binary-expr","locations":[{"start":{"line":51,"column":31},"end":{"line":51,"column":48}},{"start":{"line":51,"column":52},"end":{"line":51,"column":54}}]},"9":{"loc":{"start":{"line":60,"column":8},"end":{"line":60,"column":31}},"type":"if","locations":[{"start":{"line":60,"column":8},"end":{"line":60,"column":31}}]},"10":{"loc":{"start":{"line":70,"column":12},"end":{"line":70,"column":40}},"type":"if","locations":[{"start":{"line":70,"column":12},"end":{"line":70,"column":40}}]},"11":{"loc":{"start":{"line":70,"column":16},"end":{"line":70,"column":22}},"type":"binary-expr","locations":[{"start":{"line":70,"column":16},"end":{"line":70,"column":17}},{"start":{"line":70,"column":21},"end":{"line":70,"column":22}}]},"12":{"loc":{"start":{"line":73,"column":8},"end":{"line":108,"column":9}},"type":"switch","locations":[{"start":{"line":74,"column":12},"end":{"line":76,"column":22}},{"start":{"line":77,"column":12},"end":{"line":79,"column":22}},{"start":{"line":80,"column":12},"end":{"line":82,"column":22}},{"start":{"line":83,"column":12},"end":{"line":85,"column":22}},{"start":{"line":86,"column":12},"end":{"line":88,"column":22}},{"start":{"line":89,"column":12},"end":{"line":91,"column":22}},{"start":{"line":92,"column":12},"end":{"line":95,"column":22}},{"start":{"line":96,"column":12},"end":{"line":98,"column":22}},{"start":{"line":99,"column":12},"end":{"line":102,"column":22}},{"start":{"line":103,"column":12},"end":{"line":105,"column":22}},{"start":{"line":106,"column":12},"end":{"line":107,"column":51}}]},"13":{"loc":{"start":{"line":93,"column":37},"end":{"line":93,"column":61}},"type":"binary-expr","locations":[{"start":{"line":93,"column":37},"end":{"line":93,"column":55}},{"start":{"line":93,"column":59},"end":{"line":93,"column":61}}]},"14":{"loc":{"start":{"line":100,"column":36},"end":{"line":100,"column":59}},"type":"binary-expr","locations":[{"start":{"line":100,"column":36},"end":{"line":100,"column":53}},{"start":{"line":100,"column":57},"end":{"line":100,"column":59}}]}},"s":{"0":1,"1":1,"2":2,"3":2,"4":2,"5":132,"6":132,"7":2,"8":132,"9":11,"10":11,"11":121,"12":11,"13":11,"14":11,"15":11,"16":110,"17":0,"18":110,"19":110,"20":110,"21":110,"22":110,"23":22,"24":22,"25":22,"26":110,"27":11,"28":11,"29":11,"30":11,"31":11,"32":11,"33":11,"34":11,"35":11,"36":11,"37":11,"38":11,"39":11,"40":11,"41":11,"42":11,"43":11,"44":11,"45":11,"46":11,"47":11,"48":11,"49":0,"50":2},"f":{"0":2,"1":132,"2":132,"3":22},"b":{"0":[11],"1":[11],"2":[11],"3":[11,0],"4":[11,0],"5":[11,0],"6":[11,0],"7":[11,0],"8":[11,0],"9":[0],"10":[22],"11":[22,22],"12":[11,11,11,11,11,11,11,11,11,11,0],"13":[11,0],"14":[11,0]}}
,"/home/nicolas_glassey/Desktop/Artisan-it/ics-converter/src/share/utils/dateUtils.ts": {"path":"/home/nicolas_glassey/Desktop/Artisan-it/ics-converter/src/share/utils/dateUtils.ts","statementMap":{"0":{"start":{"line":6,"column":0},"end":{"line":6,"column":16}},"1":{"start":{"line":8,"column":18},"end":{"line":8,"column":43}},"2":{"start":{"line":10,"column":15},"end":{"line":10,"column":16}},"3":{"start":{"line":10,"column":26},"end":{"line":10,"column":27}},"4":{"start":{"line":10,"column":35},"end":{"line":10,"column":36}},"5":{"start":{"line":10,"column":46},"end":{"line":10,"column":47}},"6":{"start":{"line":10,"column":59},"end":{"line":10,"column":60}},"7":{"start":{"line":10,"column":72},"end":{"line":10,"column":73}},"8":{"start":{"line":12,"column":4},"end":{"line":30,"column":5}},"9":{"start":{"line":14,"column":8},"end":{"line":14,"column":47}},"10":{"start":{"line":15,"column":8},"end":{"line":15,"column":48}},"11":{"start":{"line":16,"column":8},"end":{"line":16,"column":46}},"12":{"start":{"line":17,"column":8},"end":{"line":17,"column":49}},"13":{"start":{"line":18,"column":8},"end":{"line":18,"column":52}},"14":{"start":{"line":19,"column":8},"end":{"line":19,"column":52}},"15":{"start":{"line":20,"column":11},"end":{"line":30,"column":5}},"16":{"start":{"line":22,"column":8},"end":{"line":22,"column":47}},"17":{"start":{"line":23,"column":8},"end":{"line":23,"column":48}},"18":{"start":{"line":24,"column":8},"end":{"line":24,"column":46}},"19":{"start":{"line":27,"column":18},"end":{"line":27,"column":33}},"20":{"start":{"line":28,"column":8},"end":{"line":28,"column":85}},"21":{"start":{"line":28,"column":32},"end":{"line":28,"column":85}},"22":{"start":{"line":29,"column":8},"end":{"line":29,"column":258}},"23":{"start":{"line":32,"column":16},"end":{"line":32,"column":60}},"24":{"start":{"line":32,"column":31},"end":{"line":32,"column":60}},"25":{"start":{"line":33,"column":4},"end":{"line":33,"column":93}}},"fnMap":{"0":{"name":"formatDate","decl":{"start":{"line":6,"column":16},"end":{"line":6,"column":26}},"loc":{"start":{"line":6,"column":42},"end":{"line":34,"column":1}}},"1":{"name":"(anonymous_1)","decl":{"start":{"line":32,"column":16},"end":{"line":32,"column":17}},"loc":{"start":{"line":32,"column":31},"end":{"line":32,"column":60}}}},"branchMap":{"0":{"loc":{"start":{"line":12,"column":4},"end":{"line":30,"column":5}},"type":"if","locations":[{"start":{"line":12,"column":4},"end":{"line":30,"column":5}},{"start":{"line":20,"column":11},"end":{"line":30,"column":5}}]},"1":{"loc":{"start":{"line":20,"column":11},"end":{"line":30,"column":5}},"type":"if","locations":[{"start":{"line":20,"column":11},"end":{"line":30,"column":5}},{"start":{"line":25,"column":11},"end":{"line":30,"column":5}}]},"2":{"loc":{"start":{"line":28,"column":8},"end":{"line":28,"column":85}},"type":"if","locations":[{"start":{"line":28,"column":8},"end":{"line":28,"column":85}}]}},"s":{"0":1,"1":33,"2":33,"3":33,"4":33,"5":33,"6":33,"7":33,"8":33,"9":33,"10":33,"11":33,"12":33,"13":33,"14":33,"15":0,"16":0,"17":0,"18":0,"19":0,"20":0,"21":0,"22":0,"23":33,"24":165,"25":33},"f":{"0":33,"1":165},"b":{"0":[33,0],"1":[0,0],"2":[0]}}
}
