TN:
SF:src/domain/icsParser.ts
FN:23,parseIcs
FN:30,(anonymous_1)
FN:31,(anonymous_2)
FN:68,(anonymous_3)
FNF:4
FNH:4
FNDA:2,parseIcs
FNDA:132,(anonymous_1)
FNDA:132,(anonymous_2)
FNDA:22,(anonymous_3)
DA:3,1
DA:23,1
DA:24,2
DA:25,2
DA:28,2
DA:30,132
DA:31,132
DA:33,2
DA:34,132
DA:35,11
DA:36,11
DA:39,121
DA:40,11
DA:42,11
DA:56,11
DA:57,11
DA:60,110
DA:63,110
DA:64,110
DA:65,110
DA:67,110
DA:68,110
DA:69,22
DA:70,22
DA:73,110
DA:75,11
DA:76,11
DA:78,11
DA:79,11
DA:81,11
DA:82,11
DA:84,11
DA:85,11
DA:87,11
DA:88,11
DA:90,11
DA:91,11
DA:93,11
DA:94,11
DA:95,11
DA:97,11
DA:98,11
DA:100,11
DA:101,11
DA:102,11
DA:104,11
DA:105,11
DA:107,0
DA:111,2
LF:49
LH:48
BRDA:34,0,0,11
BRDA:39,1,0,11
BRDA:40,2,0,11
BRDA:43,3,0,11
BRDA:43,3,1,0
BRDA:44,4,0,11
BRDA:44,4,1,0
BRDA:45,5,0,11
BRDA:45,5,1,0
BRDA:46,6,0,11
BRDA:46,6,1,0
BRDA:49,7,0,11
BRDA:49,7,1,0
BRDA:51,8,0,11
BRDA:51,8,1,0
BRDA:60,9,0,0
BRDA:70,10,0,22
BRDA:70,11,0,22
BRDA:70,11,1,22
BRDA:73,12,0,11
BRDA:73,12,1,11
BRDA:73,12,2,11
BRDA:73,12,3,11
BRDA:73,12,4,11
BRDA:73,12,5,11
BRDA:73,12,6,11
BRDA:73,12,7,11
BRDA:73,12,8,11
BRDA:73,12,9,11
BRDA:73,12,10,0
BRDA:93,13,0,11
BRDA:93,13,1,0
BRDA:100,14,0,11
BRDA:100,14,1,0
BRF:34
BRH:24
end_of_record
TN:
SF:src/share/utils/dateUtils.ts
FN:6,formatDate
FN:32,(anonymous_1)
FNF:2
FNH:2
FNDA:33,formatDate
FNDA:165,(anonymous_1)
DA:6,1
DA:8,33
DA:10,33
DA:12,33
DA:14,33
DA:15,33
DA:16,33
DA:17,33
DA:18,33
DA:19,33
DA:20,0
DA:22,0
DA:23,0
DA:24,0
DA:27,0
DA:28,0
DA:29,0
DA:32,165
DA:33,33
LF:19
LH:12
BRDA:12,0,0,33
BRDA:12,0,1,0
BRDA:20,1,0,0
BRDA:20,1,1,0
BRDA:28,2,0,0
BRF:5
BRH:1
end_of_record
